[    0.000000] Linux version 4.15.0-212-generic (buildd@lcy02-amd64-083) (gcc version 7.5.0 (Ubuntu 7.5.0-3ubuntu1~18.04)) #223-Ubuntu SMP Tue May 23 13:09:22 UTC 2023 (Ubuntu 4.15.0-212.223-generic 4.15.18)
[    0.000000] Command line: BOOT_IMAGE=/boot/vmlinuz-4.15.0-212-generic root=LABEL=cloudimg-rootfs ro console=tty1 console=ttyS0
[    0.000000] KERNEL supported cpus:
[    0.000000]   Intel GenuineIntel
[    0.000000]   AMD AuthenticAMD
[    0.000000]   Centaur CentaurHauls
[    0.000000] [Firmware Bug]: TSC doesn't count with P0 frequency!
[    0.000000] x86/fpu: Supporting XSAVE feature 0x001: 'x87 floating point registers'
[    0.000000] x86/fpu: Supporting XSAVE feature 0x002: 'SSE registers'
[    0.000000] x86/fpu: Supporting XSAVE feature 0x004: 'AVX registers'
[    0.000000] x86/fpu: xstate_offset[2]:  576, xstate_sizes[2]:  256
[    0.000000] x86/fpu: Enabled xstate features 0x7, context size is 832 bytes, using 'standard' format.
[    0.000000] e820: BIOS-provided physical RAM map:
[    0.000000] BIOS-e820: [mem 0x0000000000000000-0x000000000009fbff] usable
[    0.000000] BIOS-e820: [mem 0x000000000009fc00-0x000000000009ffff] reserved
[    0.000000] BIOS-e820: [mem 0x00000000000f0000-0x00000000000fffff] reserved
[    0.000000] BIOS-e820: [mem 0x0000000000100000-0x000000003ffeffff] usable
[    0.000000] BIOS-e820: [mem 0x000000003fff0000-0x000000003fffffff] ACPI data
[    0.000000] BIOS-e820: [mem 0x00000000fec00000-0x00000000fec00fff] reserved
[    0.000000] BIOS-e820: [mem 0x00000000fee00000-0x00000000fee00fff] reserved
[    0.000000] BIOS-e820: [mem 0x00000000fffc0000-0x00000000ffffffff] reserved
[    0.000000] NX (Execute Disable) protection: active
[    0.000000] SMBIOS 2.5 present.
[    0.000000] DMI: innotek GmbH VirtualBox/VirtualBox, BIOS VirtualBox 12/01/2006
[    0.000000] Hypervisor detected: KVM
[    0.000000] e820: last_pfn = 0x3fff0 max_arch_pfn = 0x400000000
[    0.000000] MTRR: Disabled
[    0.000000] x86/PAT: MTRRs disabled, skipping PAT initialization too.
[    0.000000] CPU MTRRs all blank - virtualized system.
[    0.000000] x86/PAT: Configuration [0-7]: WB  WT  UC- UC  WB  WT  UC- UC  
[    0.000000] found SMP MP-table at [mem 0x0009fff0-0x0009ffff]
[    0.000000] Scanning 1 areas for low memory corruption
[    0.000000] RAMDISK: [mem 0x359cb000-0x36cdcfff]
[    0.000000] ACPI: Early table checksum verification disabled
[    0.000000] ACPI: RSDP 0x00000000000E0000 000024 (v02 VBOX  )
[    0.000000] ACPI: XSDT 0x000000003FFF0030 00003C (v01 VBOX   VBOXXSDT 00000001 ASL  00000061)
[    0.000000] ACPI: FACP 0x000000003FFF00F0 0000F4 (v04 VBOX   VBOXFACP 00000001 ASL  00000061)
[    0.000000] ACPI: DSDT 0x000000003FFF0470 002325 (v02 VBOX   VBOXBIOS 00000002 INTL 20200925)
[    0.000000] ACPI: FACS 0x000000003FFF0200 000040
[    0.000000] ACPI: FACS 0x000000003FFF0200 000040
[    0.000000] ACPI: APIC 0x000000003FFF0240 00005C (v02 VBOX   VBOXAPIC 00000001 ASL  00000061)
[    0.000000] ACPI: SSDT 0x000000003FFF02A0 0001CC (v01 VBOX   VBOXCPUT 00000002 INTL 20200925)
[    0.000000] ACPI: Reserving FACP table memory at [mem 0x3fff00f0-0x3fff01e3]
[    0.000000] ACPI: Reserving DSDT table memory at [mem 0x3fff0470-0x3fff2794]
[    0.000000] ACPI: Reserving FACS table memory at [mem 0x3fff0200-0x3fff023f]
[    0.000000] ACPI: Reserving FACS table memory at [mem 0x3fff0200-0x3fff023f]
[    0.000000] ACPI: Reserving APIC table memory at [mem 0x3fff0240-0x3fff029b]
[    0.000000] ACPI: Reserving SSDT table memory at [mem 0x3fff02a0-0x3fff046b]
[    0.000000] No NUMA configuration found
[    0.000000] Faking a node at [mem 0x0000000000000000-0x000000003ffeffff]
[    0.000000] NODE_DATA(0) allocated [mem 0x3ffc5000-0x3ffeffff]
[    0.000000] kvm-clock: cpu 0, msr 0:3ff44001, primary cpu clock
[    0.000000] kvm-clock: Using msrs 4b564d01 and 4b564d00
[    0.000000] kvm-clock: using sched offset of 3231233731 cycles
[    0.000000] clocksource: kvm-clock: mask: 0xffffffffffffffff max_cycles: 0x1cd42e4dffb, max_idle_ns: 881590591483 ns
[    0.000000] Zone ranges:
[    0.000000]   DMA      [mem 0x0000000000001000-0x0000000000ffffff]
[    0.000000]   DMA32    [mem 0x0000000001000000-0x000000003ffeffff]
[    0.000000]   Normal   empty
[    0.000000]   Device   empty
[    0.000000] Movable zone start for each node
[    0.000000] Early memory node ranges
[    0.000000]   node   0: [mem 0x0000000000001000-0x000000000009efff]
[    0.000000]   node   0: [mem 0x0000000000100000-0x000000003ffeffff]
[    0.000000] Reserved but unavailable: 104 pages
[    0.000000] Initmem setup node 0 [mem 0x0000000000001000-0x000000003ffeffff]
[    0.000000] ACPI: PM-Timer IO Port: 0x4008
[    0.000000] IOAPIC[0]: apic_id 2, version 32, address 0xfec00000, GSI 0-23
[    0.000000] ACPI: INT_SRC_OVR (bus 0 bus_irq 0 global_irq 2 dfl dfl)
[    0.000000] ACPI: INT_SRC_OVR (bus 0 bus_irq 9 global_irq 9 low level)
[    0.000000] Using ACPI (MADT) for SMP configuration information
[    0.000000] smpboot: Allowing 2 CPUs, 0 hotplug CPUs
[    0.000000] PM: Registered nosave memory: [mem 0x00000000-0x00000fff]
[    0.000000] PM: Registered nosave memory: [mem 0x0009f000-0x0009ffff]
[    0.000000] PM: Registered nosave memory: [mem 0x000a0000-0x000effff]
[    0.000000] PM: Registered nosave memory: [mem 0x000f0000-0x000fffff]
[    0.000000] e820: [mem 0x40000000-0xfebfffff] available for PCI devices
[    0.000000] Booting paravirtualized kernel on KVM
[    0.000000] clocksource: refined-jiffies: mask: 0xffffffff max_cycles: 0xffffffff, max_idle_ns: 7645519600211568 ns
[    0.000000] setup_percpu: NR_CPUS:8192 nr_cpumask_bits:2 nr_cpu_ids:2 nr_node_ids:1
[    0.000000] percpu: Embedded 50 pages/cpu s167936 r8192 d28672 u1048576
[    0.000000] PV qspinlock hash table entries: 256 (order: 0, 4096 bytes)
[    0.000000] Built 1 zonelists, mobility grouping on.  Total pages: 257913
[    0.000000] Policy zone: DMA32
[    0.000000] Kernel command line: BOOT_IMAGE=/boot/vmlinuz-4.15.0-212-generic root=LABEL=cloudimg-rootfs ro console=tty1 console=ttyS0
[    0.000000] Memory: 982644K/1048120K available (12300K kernel code, 2477K rwdata, 4324K rodata, 2480K init, 2720K bss, 65476K reserved, 0K cma-reserved)
[    0.000000] SLUB: HWalign=64, Order=0-3, MinObjects=0, CPUs=2, Nodes=1
[    0.000000] ftrace: allocating 39508 entries in 155 pages
[    0.004000] Hierarchical RCU implementation.
[    0.004000] 	RCU restricting CPUs from NR_CPUS=8192 to nr_cpu_ids=2.
[    0.004000] 	Tasks RCU enabled.
[    0.004000] RCU: Adjusting geometry for rcu_fanout_leaf=16, nr_cpu_ids=2
[    0.004000] NR_IRQS: 524544, nr_irqs: 440, preallocated irqs: 16
[    0.004000] random: crng init done
[    0.004000] Console: colour VGA+ 80x25
[    0.004000] console [tty1] enabled
[    0.004000] console [ttyS0] enabled
[    0.004000] ACPI: Core revision 20170831
[    0.004000] ACPI: 2 ACPI AML tables successfully acquired and loaded
[    0.004000] APIC: Switch to symmetric I/O mode setup
[    0.004000] x2apic enabled
[    0.004000] Switched APIC routing to physical x2apic.
[    0.004000] ..TIMER: vector=0x30 apic1=0 pin1=2 apic2=-1 pin2=-1
[    0.004000] tsc: Detected 2096.060 MHz processor
[    0.004000] Calibrating delay loop (skipped) preset value.. 4192.12 BogoMIPS (lpj=8384240)
[    0.004000] pid_max: default: 32768 minimum: 301
[    0.004000] Security Framework initialized
[    0.004000] Yama: becoming mindful.
[    0.004000] AppArmor: AppArmor initialized
[    0.004000] Dentry cache hash table entries: 131072 (order: 8, 1048576 bytes)
[    0.004000] Inode-cache hash table entries: 65536 (order: 7, 524288 bytes)
[    0.004000] Mount-cache hash table entries: 2048 (order: 2, 16384 bytes)
[    0.004000] Mountpoint-cache hash table entries: 2048 (order: 2, 16384 bytes)
[    0.004000] Last level iTLB entries: 4KB 1024, 2MB 1024, 4MB 512
[    0.004000] Last level dTLB entries: 4KB 2048, 2MB 2048, 4MB 1024, 1GB 0
[    0.004000] Spectre V1 : Mitigation: usercopy/swapgs barriers and __user pointer sanitization
[    0.004000] Spectre V2 : Mitigation: Retpolines
[    0.004000] Spectre V2 : Spectre v2 / SpectreRSB mitigation: Filling RSB on context switch
[    0.004000] Spectre V2 : Spectre v2 / SpectreRSB : Filling RSB on VMEXIT
[    0.004000] RETBleed: Vulnerable
[    0.004000] Freeing SMP alternatives memory: 36K
[    0.131006] APIC calibration not consistent with PM-Timer: 106ms instead of 100ms
[    0.131844] APIC delta adjusted to PM-Timer: 6453195 (6904545)
[    0.132047] smpboot: CPU0: AMD Ryzen 5 5500U with Radeon Graphics (family: 0x17, model: 0x68, stepping: 0x1)
[    0.133320] Performance Events: PMU not available due to virtualization, using software events only.
[    0.134271] Hierarchical SRCU implementation.
[    0.135269] NMI watchdog: Perf event create on CPU 0 failed with -2
[    0.135909] NMI watchdog: Perf NMI watchdog permanently disabled
[    0.136000] smp: Bringing up secondary CPUs ...
[    0.136000] x86: Booting SMP configuration:
[    0.136000] .... node  #0, CPUs:      #1
[    0.004000] kvm-clock: cpu 1, msr 0:3ff44041, secondary cpu clock
[    0.140026] smp: Brought up 1 node, 2 CPUs
[    0.140507] smpboot: Max logical packages: 1
[    0.141028] smpboot: Total of 2 processors activated (8384.24 BogoMIPS)
[    0.142170] devtmpfs: initialized
[    0.142170] x86/mm: Memory block size: 128MB
[    0.142170] evm: security.selinux
[    0.144013] evm: security.SMACK64
[    0.144413] evm: security.SMACK64EXEC
[    0.144870] evm: security.SMACK64TRANSMUTE
[    0.145486] evm: security.SMACK64MMAP
[    0.146048] evm: security.apparmor
[    0.146483] evm: security.ima
[    0.146824] evm: security.capability
[    0.147345] clocksource: jiffies: mask: 0xffffffff max_cycles: 0xffffffff, max_idle_ns: 7645041785100000 ns
[    0.148009] futex hash table entries: 512 (order: 3, 32768 bytes)
[    0.148743] pinctrl core: initialized pinctrl subsystem
[    0.150140] RTC time: 19:21:43, date: 05/20/24
[    0.150909] NET: Registered protocol family 16
[    0.151572] audit: initializing netlink subsys (disabled)
[    0.152035] audit: type=2000 audit(1716232908.388:1): state=initialized audit_enabled=0 res=1
[    0.153228] cpuidle: using governor ladder
[    0.153228] cpuidle: using governor menu
[    0.153228] ACPI: bus type PCI registered
[    0.153228] acpiphp: ACPI Hot Plug PCI Controller Driver version: 0.5
[    0.156103] PCI: Using configuration type 1 for base access
[    0.156899] PCI: Using configuration type 1 for extended access
[    0.157766] HugeTLB registered 2.00 MiB page size, pre-allocated 0 pages
[    0.160096] ACPI: Added _OSI(Module Device)
[    0.160776] ACPI: Added _OSI(Processor Device)
[    0.161458] ACPI: Added _OSI(3.0 _SCP Extensions)
[    0.162195] ACPI: Added _OSI(Processor Aggregator Device)
[    0.163017] ACPI: Added _OSI(Linux-Dell-Video)
[    0.164013] ACPI: Added _OSI(Linux-Lenovo-NV-HDMI-Audio)
[    0.164839] ACPI: Added _OSI(Linux-HPI-Hybrid-Graphics)
[    0.165904] ACPI: Executed 1 blocks of module-level executable AML code
[    0.170525] ACPI: Interpreter enabled
[    0.171235] ACPI: (supports S0 S5)
[    0.171916] ACPI: Using IOAPIC for interrupt routing
[    0.172296] PCI: Using host bridge windows from ACPI; if necessary, use "pci=nocrs" and report a bug
[    0.173940] ACPI: Enabled 2 GPEs in block 00 to 07
[    0.181505] ACPI: PCI Root Bridge [PCI0] (domain 0000 [bus 00-ff])
[    0.182648] acpi PNP0A03:00: _OSC: OS supports [ExtendedConfig ASPM ClockPM Segments MSI]
[    0.185195] acpi PNP0A03:00: _OSC: platform does not support [PCIeCapability]
[    0.186911] acpi PNP0A03:00: _OSC: not requesting control; platform does not support [PCIeCapability]
[    0.188005] acpi PNP0A03:00: _OSC: OS requested [PCIeHotplug PME AER PCIeCapability]
[    0.189285] acpi PNP0A03:00: _OSC: platform willing to grant [PCIeHotplug PME AER]
[    0.191208] acpi PNP0A03:00: _OSC failed (AE_SUPPORT); disabling ASPM
[    0.192426] PCI host bridge to bus 0000:00
[    0.193175] pci_bus 0000:00: root bus resource [io  0x0000-0x0cf7 window]
[    0.194242] pci_bus 0000:00: root bus resource [io  0x0d00-0xffff window]
[    0.195347] pci_bus 0000:00: root bus resource [mem 0x000a0000-0x000bffff window]
[    0.196004] pci_bus 0000:00: root bus resource [mem 0x40000000-0xfdffffff window]
[    0.197280] pci_bus 0000:00: root bus resource [bus 00-ff]
[    0.200622] pci 0000:00:01.1: legacy IDE quirk: reg 0x10: [io  0x01f0-0x01f7]
[    0.201841] pci 0000:00:01.1: legacy IDE quirk: reg 0x14: [io  0x03f6]
[    0.202902] pci 0000:00:01.1: legacy IDE quirk: reg 0x18: [io  0x0170-0x0177]
[    0.204000] pci 0000:00:01.1: legacy IDE quirk: reg 0x1c: [io  0x0376]
[    0.221911] pci 0000:00:07.0: quirk: [io  0x4000-0x403f] claimed by PIIX4 ACPI
[    0.222996] pci 0000:00:07.0: quirk: [io  0x4100-0x410f] claimed by PIIX4 SMB
[    0.235253] ACPI: PCI Interrupt Link [LNKA] (IRQs 5 9 10 *11)
[    0.236311] ACPI: PCI Interrupt Link [LNKB] (IRQs 5 9 *10 11)
[    0.237214] ACPI: PCI Interrupt Link [LNKC] (IRQs 5 *9 10 11)
[    0.238199] ACPI: PCI Interrupt Link [LNKD] (IRQs 5 9 10 *11)
[    0.239630] SCSI subsystem initialized
[    0.240079] pci 0000:00:02.0: vgaarb: setting as boot VGA device
[    0.240853] pci 0000:00:02.0: vgaarb: VGA device added: decodes=io+mem,owns=io+mem,locks=none
[    0.241891] pci 0000:00:02.0: vgaarb: bridge control possible
[    0.242588] vgaarb: loaded
[    0.243066] ACPI: bus type USB registered
[    0.243742] usbcore: registered new interface driver usbfs
[    0.244016] usbcore: registered new interface driver hub
[    0.244810] usbcore: registered new device driver usb
[    0.245459] EDAC MC: Ver: 3.0.0
[    0.245459] PCI: Using ACPI for IRQ routing
[    0.248173] NetLabel: Initializing
[    0.248696] NetLabel:  domain hash size = 128
[    0.249303] NetLabel:  protocols = UNLABELED CIPSOv4 CALIPSO
[    0.250072] NetLabel:  unlabeled traffic allowed by default
[    0.250889] clocksource: Switched to clocksource kvm-clock
[    0.253077] VFS: Disk quotas dquot_6.6.0
[    0.253077] VFS: Dquot-cache hash table entries: 512 (order 0, 4096 bytes)
[    0.253077] AppArmor: AppArmor Filesystem Enabled
[    0.253077] pnp: PnP ACPI init
[    0.253077] pnp: PnP ACPI: found 3 devices
[    0.277289] clocksource: acpi_pm: mask: 0xffffff max_cycles: 0xffffff, max_idle_ns: 2085701024 ns
[    0.278692] NET: Registered protocol family 2
[    0.280207] IP idents hash table entries: 16384 (order: 5, 131072 bytes)
[    0.281508] TCP established hash table entries: 8192 (order: 4, 65536 bytes)
[    0.282540] TCP bind hash table entries: 8192 (order: 5, 131072 bytes)
[    0.283516] TCP: Hash tables configured (established 8192 bind 8192)
[    0.284531] UDP hash table entries: 512 (order: 2, 16384 bytes)
[    0.285410] UDP-Lite hash table entries: 512 (order: 2, 16384 bytes)
[    0.286279] NET: Registered protocol family 1
[    0.286926] pci 0000:00:00.0: Limiting direct PCI/PCI transfers
[    0.287805] pci 0000:00:01.0: Activating ISA DMA hang workarounds
[    0.288449] pci 0000:00:02.0: Video device with shadowed ROM at [mem 0x000c0000-0x000dffff]
[    0.288449] Unpacking initramfs...
[    0.670916] Freeing initrd memory: 19528K
[    0.671659] clocksource: tsc: mask: 0xffffffffffffffff max_cycles: 0x1e36a685b69, max_idle_ns: 440795255641 ns
[    0.672948] platform rtc_cmos: registered platform RTC device (no PNP device found)
[    0.673923] Scanning for low memory corruption every 60 seconds
[    0.675273] Initialise system trusted keyrings
[    0.675819] Key type blacklist registered
[    0.676437] workingset: timestamp_bits=36 max_order=18 bucket_order=0
[    0.678097] zbud: loaded
[    0.678951] squashfs: version 4.0 (2009/01/31) Phillip Lougher
[    0.679894] fuse init (API version 7.26)
[    0.682933] Key type asymmetric registered
[    0.683582] Asymmetric key parser 'x509' registered
[    0.684423] Block layer SCSI generic (bsg) driver version 0.4 loaded (major 246)
[    0.685527] io scheduler noop registered
[    0.686124] io scheduler deadline registered
[    0.686775] io scheduler cfq registered (default)
[    0.687764] ACPI: AC Adapter [AC] (on-line)
[    0.688490] input: Power Button as /devices/LNXSYSTM:00/LNXPWRBN:00/input/input0
[    0.689634] ACPI: Power Button [PWRF]
[    0.690299] input: Sleep Button as /devices/LNXSYSTM:00/LNXSLPBN:00/input/input1
[    0.691390] ACPI: Sleep Button [SLPF]
[    0.692397] Serial: 8250/16550 driver, 32 ports, IRQ sharing enabled
[    0.693137] ACPI: Battery Slot [BAT0] (battery present)
[    0.714234] 00:02: ttyS0 at I/O 0x3f8 (irq = 4, base_baud = 115200) is a 16550A
[    0.717812] Linux agpgart interface v0.103
[    0.720469] loop: module loaded
[    0.721596] scsi host0: ata_piix
[    0.722247] scsi host1: ata_piix
[    0.722801] ata1: PATA max UDMA/33 cmd 0x1f0 ctl 0x3f6 bmdma 0xd000 irq 14
[    0.723741] ata2: PATA max UDMA/33 cmd 0x170 ctl 0x376 bmdma 0xd008 irq 15
[    0.724913] tun: Universal TUN/TAP device driver, 1.6
[    0.725740] PPP generic driver version 2.4.2
[    0.726427] ehci_hcd: USB 2.0 'Enhanced' Host Controller (EHCI) Driver
[    0.727314] ehci-pci: EHCI PCI platform driver
[    0.727975] ehci-platform: EHCI generic platform driver
[    0.728767] ohci_hcd: USB 1.1 'Open' Host Controller (OHCI) Driver
[    0.729628] ohci-pci: OHCI PCI platform driver
[    0.730337] ohci-platform: OHCI generic platform driver
[    0.731108] uhci_hcd: USB Universal Host Controller Interface driver
[    0.732069] i8042: PNP: PS/2 Controller [PNP0303:PS2K,PNP0f03:PS2M] at 0x60,0x64 irq 1,12
[    0.733735] serio: i8042 KBD port at 0x60,0x64 irq 1
[    0.734515] serio: i8042 AUX port at 0x60,0x64 irq 12
[    0.735402] mousedev: PS/2 mouse device common for all mice
[    0.736709] input: AT Translated Set 2 keyboard as /devices/platform/i8042/serio0/input/input2
[    0.738122] rtc_cmos rtc_cmos: rtc core: registered rtc_cmos as rtc0
[    0.739103] rtc_cmos rtc_cmos: alarms up to one day, 114 bytes nvram
[    0.740025] i2c /dev entries driver
[    0.740680] device-mapper: uevent: version 1.0.3
[    0.741521] device-mapper: ioctl: 4.37.0-ioctl (2017-09-20) initialised: dm-devel@redhat.com
[    0.742834] ledtrig-cpu: registered to indicate activity on CPUs
[    0.744190] NET: Registered protocol family 10
[    0.748150] Segment Routing with IPv6
[    0.748742] NET: Registered protocol family 17
[    0.749409] Key type dns_resolver registered
[    0.750296] mce: Using 0 MCE banks
[    0.750778] RAS: Correctable Errors collector initialized.
[    0.751519] sched_clock: Marking stable (750261617, 0)->(888289198, -138027581)
[    0.752838] registered taskstats version 1
[    0.753407] Loading compiled-in X.509 certificates
[    0.756240] Loaded X.509 cert 'Build time autogenerated kernel key: b5b26778eaa3ab3a4a6cee031137706e947d12ad'
[    0.758286] Loaded X.509 cert 'Canonical Ltd. Live Patch Signing: 14df34d1a87cf37625abec039ef2bf521249b969'
[    0.760326] Loaded X.509 cert 'Canonical Ltd. Kernel Module Signing: 88f752e560a1e0737e31163a466ad7b70a850c19'
[    0.761796] blacklist: Loading compiled-in revocation X.509 certificates
[    0.762814] Loaded X.509 cert 'Canonical Ltd. Secure Boot Signing: 61482aa2830d0ab2ad5af10b7250da9033ddcef0'
[    0.764374] Loaded X.509 cert 'Canonical Ltd. Secure Boot Signing (2017): 242ade75ac4a15e50d50c84b0d45ff3eae707a03'
[    0.765942] Loaded X.509 cert 'Canonical Ltd. Secure Boot Signing (ESM 2018): 365188c1d374d6b07c3c8f240f8ef722433d6a8b'
[    0.767522] Loaded X.509 cert 'Canonical Ltd. Secure Boot Signing (2019): c0746fd6c5da3ae827864651ad66ae47fe24b3e8'
[    0.769090] Loaded X.509 cert 'Canonical Ltd. Secure Boot Signing (2021 v1): a8d54bbb3825cfb94fa13c9f8a594a195c107b8d'
[    0.770714] Loaded X.509 cert 'Canonical Ltd. Secure Boot Signing (2021 v2): 4cf046892d6fd3c9a5b03f98d845f90851dc6a8c'
[    0.772368] Loaded X.509 cert 'Canonical Ltd. Secure Boot Signing (2021 v3): 100437bb6de6e469b581e61cd66bce3ef4ed53af'
[    0.774004] Loaded X.509 cert 'Canonical Ltd. Secure Boot Signing (Ubuntu Core 2019): c1d57b8f6b743f23ee41f4f7ee292f06eecadfb9'
[    0.775666] zswap: loaded using pool lzo/zbud
[    0.779524] Key type big_key registered
[    0.780220] Key type trusted registered
[    0.782426] Key type encrypted registered
[    0.783028] AppArmor: AppArmor sha1 policy hashing enabled
[    0.783739] ima: No TPM chip found, activating TPM-bypass! (rc=-19)
[    0.784616] ima: Allocated hash algorithm: sha1
[    0.785380] evm: HMAC attrs: 0x1
[    0.786129]   Magic number: 8:336:395
[    0.786760] pci 0000:00:07.0: hash matches
[    0.787455] rtc_cmos rtc_cmos: setting system clock to 2024-05-20 19:21:44 UTC (1716232904)
[    0.788873] BIOS EDD facility v0.16 2004-Jun-25, 0 devices found
[    0.789783] EDD information not available.
[    0.911792] Freeing unused kernel image memory: 2480K
[    0.924219] Write protecting the kernel read-only data: 20480k
[    0.925655] Freeing unused kernel image memory: 2008K
[    0.926596] Freeing unused kernel image memory: 1820K
[    0.935533] x86/mm: Checked W+X mappings: passed, no W+X pages found.
Loading, please wait...
starting version 237
[    1.000900] e1000: Intel(R) PRO/1000 Network Driver - version 7.3.21-k8-NAPI
[    1.001956] e1000: Copyright (c) 1999-2006 Intel Corporation.
[    1.006299] Fusion MPT base driver 3.04.20
[    1.006967] Copyright (c) 1999-2008 LSI Corporation
[    1.011731] Fusion MPT SPI Host driver 3.04.20
[    1.025053] AVX2 version of gcm_enc/dec engaged.
[    1.025897] AES CTR mode by8 optimization enabled
[    1.217781] input: ImExPS/2 Generic Explorer Mouse as /devices/platform/i8042/serio1/input/input4
[    1.380320] e1000 0000:00:03.0 eth0: (PCI:33MHz:32-bit) 02:3b:7b:b7:3b:2d
[    1.381742] e1000 0000:00:03.0 eth0: Intel(R) PRO/1000 Network Connection
[    1.392493] mptbase: ioc0: Initiating bringup
[    1.488571] ioc0: LSI53C1030 A0: Capabilities={Initiator}
[    1.753121] scsi host2: ioc0: LSI53C1030 A0, FwRev=00000000h, Ports=1, MaxQ=256, IRQ=20
[    1.920781] scsi 2:0:0:0: Direct-Access     VBOX     HARDDISK         1.0  PQ: 0 ANSI: 5
[    1.952198] scsi target2:0:0: Beginning Domain Validation
[    1.953622] scsi target2:0:0: Domain Validation skipping write tests
[    1.954372] scsi target2:0:0: Ending Domain Validation
[    1.954998] scsi target2:0:0: asynchronous
[    1.955704] scsi 2:0:1:0: Direct-Access     VBOX     HARDDISK         1.0  PQ: 0 ANSI: 5
[    2.260459] scsi target2:0:1: Beginning Domain Validation
[    2.261671] scsi target2:0:1: Domain Validation skipping write tests
[    2.262311] scsi target2:0:1: Ending Domain Validation
[    2.262900] scsi target2:0:1: asynchronous
[    2.265976] sd 2:0:0:0: [sda] 83886080 512-byte logical blocks: (42.9 GB/40.0 GiB)
[    2.266985] sd 2:0:0:0: [sda] Write Protect is off
[    2.267679] sd 2:0:0:0: [sda] Incomplete mode parameter data
[    2.268475] sd 2:0:0:0: [sda] Assuming drive cache: write through
[    2.269599] sd 2:0:0:0: Attached scsi generic sg0 type 0
[    2.270544] sd 2:0:1:0: Attached scsi generic sg1 type 0
[    2.271131]  sda: sda1
[    2.271789] sd 2:0:0:0: [sda] Attached SCSI disk
[    2.272347] sd 2:0:1:0: [sdb] 20480 512-byte logical blocks: (10.5 MB/10.0 MiB)
[    2.273460] sd 2:0:1:0: [sdb] Write Protect is off
[    2.274101] sd 2:0:1:0: [sdb] Incomplete mode parameter data
[    2.274798] sd 2:0:1:0: [sdb] Assuming drive cache: write through
[    2.276926] sd 2:0:1:0: [sdb] Attached SCSI disk
[    2.277164] e1000 0000:00:08.0 eth1: (PCI:33MHz:32-bit) 08:00:27:90:c7:20
[    2.278291] e1000 0000:00:08.0 eth1: Intel(R) PRO/1000 Network Connection
[    2.280095] e1000 0000:00:03.0 enp0s3: renamed from eth0
[    2.288589] e1000 0000:00:08.0 enp0s8: renamed from eth1
Begin: Loading essential drivers ... [    3.700071] raid6: sse2x1   gen()  5712 MB/s
[    3.748113] raid6: sse2x1   xor()  5128 MB/s
[    3.796199] raid6: sse2x2   gen() 10219 MB/s
[    3.844234] raid6: sse2x2   xor()  6692 MB/s
[    3.892105] raid6: sse2x4   gen() 11569 MB/s
[    3.940468] raid6: sse2x4   xor()  7272 MB/s
[    3.988470] raid6: avx2x1   gen() 13102 MB/s
[    4.036286] raid6: avx2x1   xor() 10352 MB/s
[    4.084260] raid6: avx2x2   gen() 21949 MB/s
[    4.132234] raid6: avx2x2   xor() 12992 MB/s
[    4.180231] raid6: avx2x4   gen() 23357 MB/s
[    4.228209] raid6: avx2x4   xor() 12532 MB/s
[    4.228788] raid6: using algorithm avx2x4 gen() 23357 MB/s
[    4.229427] raid6: .... xor() 12532 MB/s, rmw enabled
[    4.230023] raid6: using avx2x2 recovery algorithm
[    4.232080] xor: automatically using best checksumming function   avx       
[    4.234136] async_tx: api initialized (async)
done.
Begin: Running /scripts/init-premount ... done.
Begin: Mounting root file system ... Begin: Running /scripts/local-top ... done.
Begin: Running /scripts/local-premount ... [    4.274795] Btrfs loaded, crc32c=crc32c-intel
Scanning for Btrfs filesystems
done.
Warning: fsck not present, so skipping root file system
[    4.300229] EXT4-fs (sda1): mounted filesystem with ordered data mode. Opts: (null)
done.
Begin: Running /scripts/local-bottom ... done.
Begin: Running /scripts/init-bottom ... done.
[    4.441218] ip_tables: (C) 2000-2006 Netfilter Core Team
[    4.447834] systemd[1]: systemd 237 running in system mode. (+PAM +AUDIT +SELINUX +IMA +APPARMOR +SMACK +SYSVINIT +UTMP +LIBCRYPTSETUP +GCRYPT +GNUTLS +ACL +XZ +LZ4 +SECCOMP +BLKID +ELFUTILS +KMOD -IDN2 +IDN -PCRE2 default-hierarchy=hybrid)
[    4.449984] systemd[1]: Detected virtualization oracle.
[    4.450519] systemd[1]: Detected architecture x86-64.

Welcome to [1mUbuntu 18.04.6 LTS[0m!

[    4.455125] systemd[1]: Set hostname to <ubuntu>.
[    4.456957] systemd[1]: Initializing machine ID from random generator.
[    4.457654] systemd[1]: Installed transient /etc/machine-id file.
[    4.651224] systemd[1]: Reached target Swap.
[[0;32m  OK  [0m] Reached target Swap.
[    4.652318] systemd[1]: Reached target User and Group Name Lookups.
[[0;32m  OK  [0m] Reached target User and Group Name Lookups.
[    4.654811] systemd[1]: Created slice User and Session Slice.
[[0;32m  OK  [0m] Created slice User and Session Slice.
[    4.655942] systemd[1]: Reached target Mounting snaps.
[[0;32m  OK  [0m] Reached target Mounting snaps.
[[0;32m  OK  [0m] Created slice System Slice.
[[0;32m  OK  [0m] Listening on Journal Socket.
         Starting Set the console keyboard layout...
         Starting Create list of required st…ce nodes for the current kernel...
[[0;32m  OK  [0m] Listening on /dev/initctl Compatibility Named Pipe.
[[0;32m  OK  [0m] Created slice system-serial\x2dgetty.slice.
[[0;32m  OK  [0m] Listening on Journal Socket (/dev/log).
[[0;32m  OK  [0m] Listening on Network Service Netlink Socket.
[[0;32m  OK  [0m] Listening on Syslog Socket.
[[0;32m  OK  [0m] Listening on Device-mapper event daemon FIFOs.
[[0;32m  OK  [0m] Listening on LVM2 metadata daemon socket.
         Starting Monitoring of LVM2 mirrors…ng dmeventd or progress polling...
         Starting Load Kernel Modules...
[[0;32m  OK  [0m] Reached target System Time Synchronized.
         Starting Uncomplicated firewall...
[[0;32m  OK  [0m] Listening on Journal Audit Socket.
[[0;32m  OK  [0m] Listening on fsck to fsckd communication Socket.
         Mounting POSIX Message Queue File System...
[[0;32m  OK  [0m] Listening on udev Kernel Socket.
         Starting File System Check on Root Device...
[[0;32m  OK  [0m] Reached target Mounted snaps.
         Mounting Kernel Debug File System...
[[0;32m  OK  [0m] Set up automount Arbitrary Executab…rmats File System Automount Point.
[[0;32m  OK  [0m] Listening on LVM2 poll daemon socket.
[[0;32m  OK  [0m] Reached target Slices.
         Starting Journal Service...
[[0;32m  OK  [0m] Listening on udev Control Socket.
[    4.736773] Loading iSCSI transport class v2.0-870.
         Starting udev Coldplug all Devices...
[[0;32m  OK  [0m] Started Forward Password Requests to Wall Directory Watch.
         Mounting Huge Pages File System...
[[0;32m  OK  [0m] Started Journal Service.
[[0;32m  OK  [0m] Started Create list of required sta…vice nodes for the current kernel.
[[0;32m  OK  [0m] Started Uncomplicated firewall.
[[0;32m  OK  [0m] Started LVM2 metadata daemon.
[[0;32m  OK  [0m] Started File System Check Daemon to report status.
         Starting Create Static Device Nodes in /dev...
[    4.805791] iscsi: registered transport (tcp)
[[0;32m  OK  [0m] Mounted Huge Pages File System.
[[0;32m  OK  [0m] Mounted Kernel Debug File System.
[[0;32m  OK  [0m] Mounted POSIX Message Queue File System.
[[0;32m  OK  [0m] Started udev Coldplug all Devices.
[[0;32m  OK  [0m] Started Create Static Device Nodes in /dev.
[    4.866314] iscsi: registered transport (iser)
[[0;32m  OK  [0m] Started Load Kernel Modules.
         Starting Apply Kernel Variables...
         Mounting FUSE Control File System...
         Mounting Kernel Configuration File System...
[[0;32m  OK  [0m] Mounted FUSE Control File System.
[[0;32m  OK  [0m] Started File System Check on Root Device.
         Starting Remount Root and Kernel File Systems...
[[0;32m  OK  [0m] Mounted Kernel Configuration File System.
[[0;32m  OK  [0m] Started Monitoring of LVM2 mirrors,…sing dmeventd or progress polling.
[[0;32m  OK  [0m] Started Apply Kernel Variables.
[[0;32m  OK  [0m] Started Remount Root and Kernel File Systems.
         Starting udev Kernel Device Manager...
         Starting Load/Save Random Seed...
         Starting Flush Journal to Persistent Storage...
[[0;32m  OK  [0m] Started Load/Save Random Seed.
[[0;32m  OK  [0m] Started udev Kernel Device Manager.
[[0;32m  OK  [0m] Started Flush Journal to Persistent Storage.
[[0;32m  OK  [0m] Found device /dev/ttyS0.
[[0;32m  OK  [0m] Listening on Load/Save RF Kill Switch Status /dev/rfkill Watch.
         Mounting Arbitrary Executable File Formats File System...
[[0;32m  OK  [0m] Mounted Arbitrary Executable File Formats File System.
[[0;32m  OK  [0m] Started Set the console keyboard layout.
[[0;32m  OK  [0m] Started Dispatch Password Requests to Console Directory Watch.
[[0;32m  OK  [0m] Reached target Local Encrypted Volumes.
[[0;32m  OK  [0m] Reached target Local File Systems (Pre).
[[0;32m  OK  [0m] Reached target Local File Systems.
         Starting Commit a transient machine-id on disk...
         Starting Create Volatile Files and Directories...
         Starting Set console font and keymap...
         Starting ebtables ruleset management...
         Starting Tell Plymouth To Write Out Runtime Data...
         Starting AppArmor initialization...
[[0;32m  OK  [0m] Started Tell Plymouth To Write Out Runtime Data.
[[0;32m  OK  [0m] Started Create Volatile Files and Directories.
         Starting Update UTMP about System Boot/Shutdown...
[[0;32m  OK  [0m] Started Update UTMP about System Boot/Shutdown.
[[0;32m  OK  [0m] Started Commit a transient machine-id on disk.
[[0;32m  OK  [0m] Started ebtables ruleset management.
[[0;32m  OK  [0m] Started AppArmor initialization.
         Starting Load AppArmor profiles managed internally by snapd...
         Starting Initial cloud-init job (pre-networking)...
[[0;32m  OK  [0m] Started Load AppArmor profiles managed internally by snapd.
[[0;32m  OK  [0m] Started Set console font and keymap.
[    7.813175] cloud-init[839]: Cloud-init v. 23.1.2-0ubuntu0~18.04.1 running 'init-local' at Mon, 20 May 2024 19:21:51 +0000. Up 7.49 seconds.
[[0;32m  OK  [0m] Started Initial cloud-init job (pre-networking).
[[0;32m  OK  [0m] Reached target Network (Pre).
         Starting Network Service...
[[0;32m  OK  [0m] Started Network Service.
         Starting Wait for Network to be Configured...
         Starting Network Name Resolution...
[[0;32m  OK  [0m] Started Network Name Resolution.
[[0;32m  OK  [0m] Reached target Host and Network Name Lookups.
[[0;32m  OK  [0m] Reached target Network.
[[0;32m  OK  [0m] Started Wait for Network to be Configured.
         Starting Initial cloud-init job (metadata service crawler)...
[   10.442480] cloud-init[977]: Cloud-init v. 23.1.2-0ubuntu0~18.04.1 running 'init' at Mon, 20 May 2024 19:21:53 +0000. Up 10.27 seconds.
[   10.443742] cloud-init[977]: ci-info: ++++++++++++++++++++++++++++++++++++++Net device info+++++++++++++++++++++++++++++++++++++++
[   10.444473] cloud-init[977]: ci-info: +--------+-------+----------------------------+---------------+--------+-------------------+
[   10.445107] cloud-init[977]: ci-info: | Device |   Up  |          Address           |      Mask     | Scope  |     Hw-Address    |
[   10.445757] cloud-init[977]: ci-info: +--------+-------+----------------------------+---------------+--------+-------------------+
[   10.446403] cloud-init[977]: ci-info: | enp0s3 |  True |         10.0.2.15          | 255.255.255.0 | global | 02:3b:7b:b7:3b:2d |
[   10.446998] cloud-init[977]: ci-info: | enp0s3 |  True | fe80::3b:7bff:feb7:3b2d/64 |       .       |  link  | 02:3b:7b:b7:3b:2d |
[   10.447637] cloud-init[977]: ci-info: | enp0s8 | False |             .              |       .       |   .    | 08:00:27:90:c7:20 |
[   10.448276] cloud-init[977]: ci-info: |   lo   |  True |         127.0.0.1          |   255.0.0.0   |  host  |         .         |
[   10.448957] cloud-init[977]: ci-info: |   lo   |  True |          ::1/128           |       .       |  host  |         .         |
[   10.449587] cloud-init[977]: ci-info: +--------+-------+----------------------------+---------------+--------+-------------------+
[   10.450209] cloud-init[977]: ci-info: ++++++++++++++++++++++++++++Route IPv4 info+++++++++++++++++++++++++++++
[   10.460377] cloud-init[977]: ci-info: +-------+-------------+----------+-----------------+-----------+-------+
[   10.461055] cloud-init[977]: ci-info: | Route | Destination | Gateway  |     Genmask     | Interface | Flags |
[   10.461763] cloud-init[977]: ci-info: +-------+-------------+----------+-----------------+-----------+-------+
[   10.462473] cloud-init[977]: ci-info: |   0   |   0.0.0.0   | 10.0.2.2 |     0.0.0.0     |   enp0s3  |   UG  |
[   10.463161] cloud-init[977]: ci-info: |   1   |   10.0.2.0  | 0.0.0.0  |  255.255.255.0  |   enp0s3  |   U   |
[   10.463878] cloud-init[977]: ci-info: |   2   |   10.0.2.2  | 0.0.0.0  | 255.255.255.255 |   enp0s3  |   UH  |
[   10.464602] cloud-init[977]: ci-info: +-------+-------------+----------+-----------------+-----------+-------+
[   10.465260] cloud-init[977]: ci-info: +++++++++++++++++++Route IPv6 info+++++++++++++++++++
[   10.465933] cloud-init[977]: ci-info: +-------+-------------+---------+-----------+-------+
[   10.466637] cloud-init[977]: ci-info: | Route | Destination | Gateway | Interface | Flags |
[   10.467242] cloud-init[977]: ci-info: +-------+-------------+---------+-----------+-------+
[   10.467887] cloud-init[977]: ci-info: |   1   |  fe80::/64  |    ::   |   enp0s3  |   U   |
[   10.468494] cloud-init[977]: ci-info: |   3   |    local    |    ::   |   enp0s3  |   U   |
[   10.469138] cloud-init[977]: ci-info: |   4   |   ff00::/8  |    ::   |   enp0s3  |   U   |
[   10.469721] cloud-init[977]: ci-info: +-------+-------------+---------+-----------+-------+
[   11.739863] cloud-init[977]: Generating public/private rsa key pair.
[   11.740483] cloud-init[977]: Your identification has been saved in /etc/ssh/ssh_host_rsa_key.
[   11.741102] cloud-init[977]: Your public key has been saved in /etc/ssh/ssh_host_rsa_key.pub.
[   11.741701] cloud-init[977]: The key fingerprint is:
[   11.742059] cloud-init[977]: SHA256:bNhBHA7N6Po5Dhg+Xh3o5J5wCq4ycv/C2myESmFNTtg root@ubuntu-bionic
[   11.742642] cloud-init[977]: The key's randomart image is:
[   11.752531] cloud-init[977]: +---[RSA 2048]----+
[   11.752960] cloud-init[977]: |  o   .=o.       |
[   11.753521] cloud-init[977]: | . E  .++        |
[   11.753960] cloud-init[977]: |  =  .  o        |
[   11.764406] cloud-init[977]: | o o ..+ .       |
[   11.764790] cloud-init[977]: |. o.o.o S        |
[   11.765102] cloud-init[977]: | o.*o. o         |
[   11.776471] cloud-init[977]: |o.=o*...         |
[   11.776858] cloud-init[977]: |*o.X+o+          |
[   11.777639] cloud-init[977]: |=+++*+o.         |
[   11.778032] cloud-init[977]: +----[SHA256]-----+
[   11.778332] cloud-init[977]: Generating public/private dsa key pair.
[   11.778706] cloud-init[977]: Your identification has been saved in /etc/ssh/ssh_host_dsa_key.
[   11.779118] cloud-init[977]: Your public key has been saved in /etc/ssh/ssh_host_dsa_key.pub.
[   11.779508] cloud-init[977]: The key fingerprint is:
[   11.788459] cloud-init[977]: SHA256:qZ2jDYelJY6OWW0bW2eLA3k0kaO/v96l39onfJWKiWs root@ubuntu-bionic
[   11.788957] cloud-init[977]: The key's randomart image is:
[   11.789211] cloud-init[977]: +---[DSA 1024]----+
[   11.800415] cloud-init[977]: |         .       |
[   11.800759] cloud-init[977]: |        +        |
[   11.800990] cloud-init[977]: |       . o       |
[   11.801279] cloud-init[977]: |      . o.       |
[   11.801557] cloud-init[977]: |      .+S.      .|
[   11.801945] cloud-init[977]: |     +oOo.     ..|
[   11.802281] cloud-init[977]: |    o Xo*.+ o.o .|
[[0;32m  OK  [0m] Started Initial cloud-init job (metadata service crawler).
[   11.812342] cloud-init[977]: |   = . XoE = +ooo|
[[0;32m  OK  [0m] Reached target Network is Online.
[   11.827731] cloud-init[977]: |  o . + +=*.o.o++|
[   11.836607] cloud-init[977]: +----[SHA256]-----+
[   11.836977] cloud-init[[0;32m  OK  [0m] Reached target Remote File Systems (Pre).
[[0;32m  OK  [0m] Reached target Remote File Systems.
[977]: Generating public/private ecdsa key pair.
         Starting Availability of block devices...
[[0;32m  OK  [0m] Reached target System Initialization.
[[0;32m  OK  [0m] Listening on D-Bus System Message Bus Socket.
[[0;32m  OK  [0m] Started ACPI Events Check.
[   11.839903] cloud-init[977]: Your identification has been saved in /etc/ssh/ssh_host_ecdsa_key.         Starting Socket activation for snappy daemon.
[[0;32m  OK  [0m] Started Ubuntu Advantage Timer for running repeated jobs.
[[0;32m  OK  [0m] Started Message of the Day.
[[0;32m  OK  [0m] Listening on Open-iSCSI iscsid Socket.
[[0;32m  OK  [0m] Reached target Paths.

[[0;32m  OK  [0m] Listening on UUID daemon activation socket.
[[0;32m  OK  [0m] Started Daily Cleanup of Temporary Directories.
[[0;32m  OK  [0m] Listening on cloud-init hotplug hook socket.
[[0;32m  OK  [0m] Started Discard unused blocks once a week.
[[0;32m  OK  [0m] Started Daily apt download activities.
[[0;32m  OK  [0m] Listening on ACPID Listen Socket.
[   11.843331] cloud-init[977]: Your public key has been saved in /etc/ssh/ssh_host_ecdsa_key.pub.
         Starting LXD - unix socket.
[[0;32m  OK  [0m] Started Daily apt upgrade and clean activities.
[[0;32m  OK  [0m] Reached target Timers.
[[0;32m  OK  [0m] Reached target Cloud-config availability.
[[0;32m  OK  [0m] Listening on Socket activation for snappy daemon.
[[0;32m  OK  [0m] Listening on LXD - unix socket.
[[0;32m  OK  [0m] Reached target Sockets.
[[0;32m  OK  [0m] Reached target Basic System.
[[0;32m  OK  [0m] Reached target Login Prompts (Pre).
[[0;32m  OK  [0m] Started FUSE filesystem for LXC.
         Starting LSB: Record successful boot for GRUB...
         Starting Permit User Sessions...
         Starting Virtualbox guest utils...
[   11.854744] cloud-init[977]: The key fingerprint is:
[[0;32m  OK  [0m] Started Deferred execution scheduler.
[   11.858033] cloud-init[977]: SHA256:GPKVDf4AdkK9uR3vp6pTzehtOBnxCPDFQBQ2XZAYTOE root@ubuntu-bionic
         Starting LSB: automatic crash report generation...
[   11.860484] cloud-init[977]: The key's randomart image is:         Starting System Logging Service...
         Starting LXD - container startup/shutdown...

[   11.863962] cloud-init[977]: +---[ECDSA 256]---+
[[0;32m  OK  [0m] Started D-Bus System Message Bus.
[   11.867825] cloud-init[977]: |     .=*&O.+.    |
[   11.868524] cloud-init[977]: |     ..B+==      |
[   11.869053] cloud-init[977]: |    . .oE+.      |
[   11.872814] cloud-init[977]: |     o +=oo      |
[   11.875282] cloud-init[977]: |      o S+.X     |
[   11.875976] cloud-init[977]: |        . * =    |
[   11.876841] cloud-init[977]: |         o *     |
[   11.877178] cloud-init[977]: |        . = + .  |
[   11.877558] cloud-init[977]: |        .o.+.o   |
[   11.878113] cloud-init[977]: +----[SHA256]-----+
[   11.878663] cloud-init[977]: Generating public/private ed25519 key pair.
[   11.879528] cloud-init[977]: Your identification has been saved in /etc/ssh/ssh_host_ed25519_key.
[   11.880602] cloud-init[977]: Your public key has been saved in /etc/ssh/ssh_host_ed25519_key.pub.
[   11.881425] cloud-init[977]: The key fingerprint is:
[   11.881983] cloud-init[977]: SHA256:6YiICCM2S/KuyGXLM0W2v7d4Sa72G2EYymJzUsiDxTY root@ubuntu-bionic
[   11.882794] cloud-init[977]: The key's randomart image is:
[   11.883366] cloud-init[977]: +--[ED25519 256]--+
[   11.883946] cloud-init[977]: |  ..             |
[   11.884587] cloud-init[977]: |  +E.            |
[   11.886032] cloud-init[977]: | ..+.. .         |
[   11.886413] cloud-init[977]: |    +o. o.       |
[   11.886871] cloud-init[977]: |=+ =o+..So       |
[   11.887332] cloud-init[977]: |B++.=+ o...      |
[   11.887821] cloud-init[977]: |o.ooo o +..      |
[   11.888372] cloud-init[977]: |o.+o.  o.=.      |
[   11.889240] cloud-init[977]: |oo.oo .+*+o      |
[   11.889561] cloud-init[977]: +----[SHA256]-----+
         Starting Snap Daemon...
[[0;32m  OK  [0m] Started Regular background program processing daemon.
         Starting Pollinate to seed the pseudo random number generator...
         Starting Dispatcher daemon for systemd-networkd...
[[0;32m  OK  [0m] Started irqbalance daemon.
         Starting Accounts Service...
         Starting Login Service...
[[0;32m  OK  [0m] Started System Logging Service.
[[0;32m  OK  [0m] Started Availability of block devices.
[[0;32m  OK  [0m] Started Permit User Sessions.
[[0;32m  OK  [0m] Started LXD - container startup/shutdown.
         Starting Terminate Plymouth Boot Screen...
         Starting Hold until boot process finishes up...
[[0;32m  OK  [0m] Started Hold until boot process finishes up.
[[0;32m  OK  [0m] Started Serial Getty on ttyS0.
         Starting Set console scheme...
[[0;32m  OK  [0m] Started Terminate Plymouth Boot Screen.
[[0;32m  OK  [0m] Started Login Service.
[[0;32m  OK  [0m] Started Unattended Upgrades Shutdown.
[[0;32m  OK  [0m] Started LSB: automatic crash report generation.
[[0;32m  OK  [0m] Started Set console scheme.
[[0;32m  OK  [0m] Created slice system-getty.slice.
[[0;32m  OK  [0m] Started Getty on tty1.
[[0;32m  OK  [0m] Reached target Login Prompts.
[[0;32m  OK  [0m] Started LSB: Record successful boot for GRUB.
[[0;32m  OK  [0m] Started Virtualbox guest utils.
         Starting Authorization Manager...
[[0;32m  OK  [0m] Started Authorization Manager.
[[0;32m  OK  [0m] Started Accounts Service.
[[0;32m  OK  [0m] Started Dispatcher daemon for systemd-networkd.
[[0;32m  OK  [0m] Started Snap Daemon.
         Starting Wait until snapd is fully seeded...
         Starting Time & Date Service...
[[0;32m  OK  [0m] Started Time & Date Service.
[[0;32m  OK  [0m] Started Pollinate to seed the pseudo random number generator.
         Starting OpenBSD Secure Shell server...
[[0;32m  OK  [0m] Started OpenBSD Secure Shell server.
[[0;32m  OK  [0m] Created slice User Slice of vagrant.
         Starting User Manager for UID 1000...
[[0;32m  OK  [0m] Started Session 1 of user vagrant.
[[0;32m  OK  [0m] Started User Manager for UID 1000.

Ubuntu 18.04.6 LTS ubuntu-bionic ttyS0

ubuntu-bionic login: [   19.599681] cloud-init[1789]: Cloud-init v. 23.1.2-0ubuntu0~18.04.1 running 'modules:config' at Mon, 20 May 2024 19:22:02 +0000. Up 19.14 seconds.
ci-info: no authorized SSH keys fingerprints found for user ubuntu.
<14>May 20 19:22:04 cloud-init: #############################################################
<14>May 20 19:22:04 cloud-init: -----BEGIN SSH HOST KEY FINGERPRINTS-----
<14>May 20 19:22:04 cloud-init: 1024 SHA256:qZ2jDYelJY6OWW0bW2eLA3k0kaO/v96l39onfJWKiWs root@ubuntu-bionic (DSA)
<14>May 20 19:22:04 cloud-init: 256 SHA256:GPKVDf4AdkK9uR3vp6pTzehtOBnxCPDFQBQ2XZAYTOE root@ubuntu-bionic (ECDSA)
<14>May 20 19:22:04 cloud-init: 256 SHA256:6YiICCM2S/KuyGXLM0W2v7d4Sa72G2EYymJzUsiDxTY root@ubuntu-bionic (ED25519)
<14>May 20 19:22:04 cloud-init: 2048 SHA256:bNhBHA7N6Po5Dhg+Xh3o5J5wCq4ycv/C2myESmFNTtg root@ubuntu-bionic (RSA)
<14>May 20 19:22:04 cloud-init: -----END SSH HOST KEY FINGERPRINTS-----
<14>May 20 19:22:04 cloud-init: #############################################################
-----BEGIN SSH HOST KEY KEYS-----
ecdsa-sha2-nistp256 AAAAE2VjZHNhLXNoYTItbmlzdHAyNTYAAAAIbmlzdHAyNTYAAABBBEPKXz91S7BeTskq7moPX0B2EjsDz+xkFQQfkpdSz/4Qma4EhrFXVu8GZ623LGuzXd0GOpSNMPC9Ha+6xHKindI= root@ubuntu-bionic
ssh-ed25519 AAAAC3NzaC1lZDI1NTE5AAAAIAfl4O3fCdFHT7d9uXPdLDFjNHNOnukXYCNIyV1WtRae root@ubuntu-bionic
ssh-rsa AAAAB3NzaC1yc2EAAAADAQABAAABAQDKV/6E27tOtuvl1jlrwNx8SujSyZYjdwgJCuyISLLgzxOfePFOSFxdRT9gAjUrnQv85jsQb67WGt+gQTVp6GgKymgZWkZRZWscs142hi6AIhwqbSCok77DULJe1Mof5YJouynCJdVUwbCUyE19xaJGgNezYOWk2M57anBj9lAqWmtCn+rvIvEIGeXkM4YsXYsX1LjgeZpZuo45mxLg45SFPHI4XFbI/G1nUroSN0BEROfRnVNTOaEMc4d//vq9bIaJc+WFhYJixfbfhqEW8kjaAfjRrTfdFFJOrNFeazl7S21POP6TWPJnIZ2TlHty5/5EzyPXnQCHrSJRqKURekNN root@ubuntu-bionic
-----END SSH HOST KEY KEYS-----
[   20.428107] cloud-init[1893]: Cloud-init v. 23.1.2-0ubuntu0~18.04.1 running 'modules:final' at Mon, 20 May 2024 19:22:03 +0000. Up 20.24 seconds.
[   20.429138] cloud-init[1893]: Cloud-init v. 23.1.2-0ubuntu0~18.04.1 finished at Mon, 20 May 2024 19:22:04 +0000. Datasource DataSourceNoCloud [seed=/dev/sdb][dsmode=net].  Up 20.41 seconds
